  11.cpp
f:\学校课程与工作\数据结构\实验三\实验三\greatgraph.h(17): error C2065: “MaxVertices”: 未声明的标识符
f:\学校课程与工作\数据结构\实验三\实验三\greatgraph.h(32): error C2065: “MaxVertices”: 未声明的标识符
f:\学校课程与工作\数据结构\实验三\实验三\greatgraph.h(40): error C2065: “Notstudy”: 未声明的标识符
f:\学校课程与工作\数据结构\实验三\实验三\greatgraph.h(45): error C2065: “MaxVertices”: 未声明的标识符
f:\学校课程与工作\数据结构\实验三\实验三\greatgraph.h(73): error C2664: “void InsertVertex(ALGraph *,int,char,int)”: 无法将参数 3 从“char *”转换为“char”
  f:\学校课程与工作\数据结构\实验三\实验三\greatgraph.h(73): note: 没有使该转换得以执行的上下文
f:\学校课程与工作\数据结构\实验三\实验三\stack.h(5): error C2208: “int”: 没有使用此类型进行定义的成员
f:\学校课程与工作\数据结构\实验三\实验三\stack.h(5): error C2143: 语法错误: 缺少“]”(在“;”的前面)
f:\学校课程与工作\数据结构\实验三\实验三\stack.h(5): error C4430: 缺少类型说明符 - 假定为 int。注意: C++ 不支持默认 int
f:\学校课程与工作\数据结构\实验三\实验三\stack.h(5): error C2059: 语法错误:“]”
f:\学校课程与工作\数据结构\实验三\实验三\stack.h(5): error C2238: 意外的标记位于“;”之前
f:\学校课程与工作\数据结构\实验三\实验三\stack.h(20): error C2143: 语法错误: 缺少“)”(在“;”的前面)
f:\学校课程与工作\数据结构\实验三\实验三\stack.h(20): error C2059: 语法错误:“)”
f:\学校课程与工作\数据结构\实验三\实验三\stack.h(21): error C4430: 缺少类型说明符 - 假定为 int。注意: C++ 不支持默认 int
f:\学校课程与工作\数据结构\实验三\实验三\stack.h(22): error C2059: 语法错误:“if”
f:\学校课程与工作\数据结构\实验三\实验三\stack.h(22): error C2143: 语法错误: 缺少“)”(在“;”的前面)
f:\学校课程与工作\数据结构\实验三\实验三\stack.h(22): error C2059: 语法错误:“)”
f:\学校课程与工作\数据结构\实验三\实验三\stack.h(23): error C2447: “{”: 缺少函数标题(是否是老式的形式表?)
f:\学校课程与工作\数据结构\实验三\实验三\stack.h(27): error C2059: 语法错误:“else”
f:\学校课程与工作\数据结构\实验三\实验三\stack.h(28): error C2143: 语法错误: 缺少“;”(在“{”的前面)
f:\学校课程与工作\数据结构\实验三\实验三\stack.h(28): error C2447: “{”: 缺少函数标题(是否是老式的形式表?)
f:\学校课程与工作\数据结构\实验三\实验三\stack.h(33): error C2059: 语法错误:“}”
f:\学校课程与工作\数据结构\实验三\实验三\stack.h(33): error C2143: 语法错误: 缺少“;”(在“}”的前面)
f:\学校课程与工作\数据结构\实验三\实验三\stack.h(34): error C2143: 语法错误: 缺少“)”(在“;”的前面)
f:\学校课程与工作\数据结构\实验三\实验三\stack.h(34): error C2059: 语法错误:“)”
f:\学校课程与工作\数据结构\实验三\实验三\stack.h(35): error C4430: 缺少类型说明符 - 假定为 int。注意: C++ 不支持默认 int
f:\学校课程与工作\数据结构\实验三\实验三\stack.h(36): error C2059: 语法错误:“if”
f:\学校课程与工作\数据结构\实验三\实验三\stack.h(37): error C2143: 语法错误: 缺少“;”(在“{”的前面)
f:\学校课程与工作\数据结构\实验三\实验三\stack.h(37): error C2447: “{”: 缺少函数标题(是否是老式的形式表?)
f:\学校课程与工作\数据结构\实验三\实验三\stack.h(41): error C2059: 语法错误:“else”
f:\学校课程与工作\数据结构\实验三\实验三\stack.h(42): error C2143: 语法错误: 缺少“;”(在“{”的前面)
f:\学校课程与工作\数据结构\实验三\实验三\stack.h(42): error C2447: “{”: 缺少函数标题(是否是老式的形式表?)
f:\学校课程与工作\数据结构\实验三\实验三\stack.h(47): error C2059: 语法错误:“}”
f:\学校课程与工作\数据结构\实验三\实验三\stack.h(47): error C2143: 语法错误: 缺少“;”(在“}”的前面)
f:\学校课程与工作\数据结构\实验三\实验三\11.cpp(7): warning C4005: “MaxStackSize”: 宏重定义
  f:\学校课程与工作\数据结构\实验三\实验三\stack.h(2): note: 参见“MaxStackSize”的前一个定义
f:\学校课程与工作\数据结构\实验三\实验三\11.cpp(11): error C2143: 语法错误: 缺少“;”(在“{”的前面)
f:\学校课程与工作\数据结构\实验三\实验三\11.cpp(11): error C2447: “{”: 缺少函数标题(是否是老式的形式表?)
